生成启动时间为 2021/7/14 20:54:35。
     1>项目“C:\Users\xinqi\Documents\Visual Studio 2010\Projects\23\MFCDLL\MFCDLL.vcxproj”在节点 2 上(build 个目标)。
     1>InitializeBuildStatus:
         正在对“Debug\MFCDLL.unsuccessfulbuild”执行 Touch 任务。
       ClCompile:
         C:\Program Files (x86)\Microsoft Visual Studio 10.0\VC\bin\CL.exe /c /ZI /nologo /W3 /WX- /Od /Oy- /D WIN32 /D _WINDOWS /D _DEBUG /D _USRDLL /D _WINDLL /D _MBCS /D _AFXDLL /Gm /EHsc /RTC1 /MDd /GS /fp:precise /Zc:wchar_t /Zc:forScope /Yc"StdAfx.h" /Fp"Debug\MFCDLL.pch" /Fo"Debug\\" /Fd"Debug\vc100.pdb" /Gd /TP /analyze- /errorReport:prompt stdafx.cpp
         stdafx.cpp
         C:\Program Files (x86)\Microsoft Visual Studio 10.0\VC\bin\CL.exe /c /ZI /nologo /W3 /WX- /Od /Oy- /D WIN32 /D _WINDOWS /D _DEBUG /D _USRDLL /D _WINDLL /D _MBCS /D _AFXDLL /Gm /EHsc /RTC1 /MDd /GS /fp:precise /Zc:wchar_t /Zc:forScope /Yu"StdAfx.h" /Fp"Debug\MFCDLL.pch" /Fo"Debug\\" /Fd"Debug\vc100.pdb" /Gd /TP /analyze- /errorReport:prompt "012-MFCDLL.cpp" AsciiToUTF8.cpp GameBase.cpp PAGE1.cpp RMEM.cpp "遍历怪物.cpp"
         GameBase.cpp
         正在生成代码...
         正在跳过...(未检测到相关更改)
         遍历怪物.cpp
         RMEM.cpp
         PAGE1.cpp
         AsciiToUTF8.cpp
         012-MFCDLL.cpp
       ResourceCompile:
         所有输出均为最新。
       ManifestResourceCompile:
         所有输出均为最新。
       Link:
         C:\Program Files (x86)\Microsoft Visual Studio 10.0\VC\bin\link.exe /ERRORREPORT:PROMPT /OUT:"C:\Users\xinqi\Documents\Visual Studio 2010\Projects\23\Debug\MFCDLL.dll" /INCREMENTAL /NOLOGO /DEF:".\012-MFCDLL.def" /MANIFEST /ManifestFile:"Debug\MFCDLL.dll.intermediate.manifest" /MANIFESTUAC:"level='asInvoker' uiAccess='false'" /DEBUG /PDB:"C:\Users\xinqi\Documents\Visual Studio 2010\Projects\23\Debug\MFCDLL.pdb" /SUBSYSTEM:WINDOWS /TLBID:1 /DYNAMICBASE /NXCOMPAT /IMPLIB:"C:\Users\xinqi\Documents\Visual Studio 2010\Projects\23\Debug\MFCDLL.lib" /MACHINE:X86 /DLL "Debug\012-MFCDLL.res"
         Debug\MFCDLL.dll.embed.manifest.res
         "Debug\012-MFCDLL.obj"
         Debug\AsciiToUTF8.obj
         Debug\GameBase.obj
         Debug\PAGE1.obj
         Debug\RMEM.obj
         Debug\stdafx.obj
         "Debug\遍历怪物.obj"
       Manifest:
         C:\Program Files (x86)\Microsoft SDKs\Windows\v7.0A\bin\mt.exe /nologo /verbose /out:"Debug\MFCDLL.dll.embed.manifest" /manifest Debug\MFCDLL.dll.intermediate.manifest "C:\Program Files (x86)\Microsoft Visual Studio 10.0\VC\Include\Manifest\dpiaware.manifest"
         所有输出均为最新。
       LinkEmbedManifest:
         所有输出均为最新。
         MFCDLL.vcxproj -> C:\Users\xinqi\Documents\Visual Studio 2010\Projects\23\Debug\MFCDLL.dll
       FinalizeBuildStatus:
         正在删除文件“Debug\MFCDLL.unsuccessfulbuild”。
         正在对“Debug\MFCDLL.lastbuildstate”执行 Touch 任务。
     1>已完成生成项目“C:\Users\xinqi\Documents\Visual Studio 2010\Projects\23\MFCDLL\MFCDLL.vcxproj”(build 个目标)的操作。

生成成功。

已用时间 00:00:04.86
