C:\USERS\XINQI\DOCUMENTS\VISUAL STUDIO 2010\PROJECTS\012-MFCDLL\DEBUG\012-MFCDLL.DLL.EMBED.MANIFEST
C:\USERS\XINQI\DOCUMENTS\VISUAL STUDIO 2010\PROJECTS\012-MFCDLL\DEBUG\012-MFCDLL.DLL.EMBED.MANIFEST.RES
C:\USERS\XINQI\DOCUMENTS\VISUAL STUDIO 2010\PROJECTS\012-MFCDLL\DEBUG\012-MFCDLL.DLL.INTERMEDIATE.MANIFEST
C:\USERS\XINQI\DOCUMENTS\VISUAL STUDIO 2010\PROJECTS\012-MFCDLL\DEBUG\012-MFCDLL.OBJ
C:\USERS\XINQI\DOCUMENTS\VISUAL STUDIO 2010\PROJECTS\012-MFCDLL\DEBUG\012-MFCDLL.PCH
C:\USERS\XINQI\DOCUMENTS\VISUAL STUDIO 2010\PROJECTS\012-MFCDLL\DEBUG\012-MFCDLL.RES
C:\Users\xinqi\Documents\Visual Studio 2010\Projects\012-MFCDLL\Debug\012-MFCDLL.write.1.tlog
C:\Users\xinqi\Documents\Visual Studio 2010\Projects\012-MFCDLL\Debug\012-MFCDLL_manifest.rc
C:\Users\xinqi\Documents\Visual Studio 2010\Projects\012-MFCDLL\Debug\cl.command.1.tlog
C:\Users\xinqi\Documents\Visual Studio 2010\Projects\012-MFCDLL\Debug\CL.read.1.tlog
C:\Users\xinqi\Documents\Visual Studio 2010\Projects\012-MFCDLL\Debug\CL.write.1.tlog
C:\Users\xinqi\Documents\Visual Studio 2010\Projects\012-MFCDLL\Debug\link.18608.read.1.tlog
C:\Users\xinqi\Documents\Visual Studio 2010\Projects\012-MFCDLL\Debug\link.18608.write.1.tlog
C:\Users\xinqi\Documents\Visual Studio 2010\Projects\012-MFCDLL\Debug\link.18608-cvtres.read.1.tlog
C:\Users\xinqi\Documents\Visual Studio 2010\Projects\012-MFCDLL\Debug\link.18608-cvtres.write.1.tlog
C:\Users\xinqi\Documents\Visual Studio 2010\Projects\012-MFCDLL\Debug\link.command.1.tlog
C:\Users\xinqi\Documents\Visual Studio 2010\Projects\012-MFCDLL\Debug\link.read.1.tlog
C:\Users\xinqi\Documents\Visual Studio 2010\Projects\012-MFCDLL\Debug\link.write.1.tlog
C:\Users\xinqi\Documents\Visual Studio 2010\Projects\012-MFCDLL\Debug\link-cvtres.read.1.tlog
C:\Users\xinqi\Documents\Visual Studio 2010\Projects\012-MFCDLL\Debug\link-cvtres.write.1.tlog
C:\Users\xinqi\Documents\Visual Studio 2010\Projects\012-MFCDLL\Debug\mt.command.1.tlog
C:\Users\xinqi\Documents\Visual Studio 2010\Projects\012-MFCDLL\Debug\mt.read.1.tlog
C:\Users\xinqi\Documents\Visual Studio 2010\Projects\012-MFCDLL\Debug\mt.write.1.tlog
C:\USERS\XINQI\DOCUMENTS\VISUAL STUDIO 2010\PROJECTS\012-MFCDLL\DEBUG\PAGE1.OBJ
C:\Users\xinqi\Documents\Visual Studio 2010\Projects\012-MFCDLL\Debug\rc.command.1.tlog
C:\Users\xinqi\Documents\Visual Studio 2010\Projects\012-MFCDLL\Debug\rc.read.1.tlog
C:\Users\xinqi\Documents\Visual Studio 2010\Projects\012-MFCDLL\Debug\rc.write.1.tlog
C:\USERS\XINQI\DOCUMENTS\VISUAL STUDIO 2010\PROJECTS\012-MFCDLL\DEBUG\STDAFX.OBJ
C:\Users\xinqi\Documents\Visual Studio 2010\Projects\012-MFCDLL\Debug\vc100.idb
C:\USERS\XINQI\DOCUMENTS\VISUAL STUDIO 2010\PROJECTS\012-MFCDLL\DEBUG\VC100.PDB
C:\USERS\XINQI\DOCUMENTS\VISUAL STUDIO 2010\PROJECTS\13-INJECTDLL\DEBUG\012-MFCDLL.DLL
C:\Users\xinqi\Documents\Visual Studio 2010\Projects\13-InJectDll\Debug\012-MFCDLL.exp
C:\USERS\XINQI\DOCUMENTS\VISUAL STUDIO 2010\PROJECTS\13-INJECTDLL\DEBUG\012-MFCDLL.ILK
C:\Users\xinqi\Documents\Visual Studio 2010\Projects\13-InJectDll\Debug\012-MFCDLL.lib
C:\USERS\XINQI\DOCUMENTS\VISUAL STUDIO 2010\PROJECTS\13-INJECTDLL\DEBUG\012-MFCDLL.PDB
