生成启动时间为 2021/7/7 0:00:24。
     1>项目“C:\Users\xinqi\Documents\Visual Studio 2010\Projects\012-MFCDLL\012-MFCDLL.vcxproj”在节点 2 上(build 个目标)。
     1>InitializeBuildStatus:
         正在创建“Debug\012-MFCDLL.unsuccessfulbuild”，因为已指定“AlwaysCreate”。
       ClCompile:
         所有输出均为最新。
         C:\Program Files (x86)\Microsoft Visual Studio 10.0\VC\bin\CL.exe /c /ZI /nologo /W3 /WX- /Od /Oy- /D WIN32 /D _WINDOWS /D _DEBUG /D _USRDLL /D _WINDLL /D _MBCS /D _AFXDLL /Gm /EHsc /RTC1 /MDd /GS /fp:precise /Zc:wchar_t /Zc:forScope /Yc"StdAfx.h" /Fp"Debug\012-MFCDLL.pch" /Fo"Debug\\" /Fd"Debug\vc100.pdb" /Gd /TP /analyze- /errorReport:prompt stdafx.cpp
         stdafx.cpp
         C:\Program Files (x86)\Microsoft Visual Studio 10.0\VC\bin\CL.exe /c /ZI /nologo /W3 /WX- /Od /Oy- /D WIN32 /D _WINDOWS /D _DEBUG /D _USRDLL /D _WINDLL /D _MBCS /D _AFXDLL /Gm /EHsc /RTC1 /MDd /GS /fp:precise /Zc:wchar_t /Zc:forScope /Yu"StdAfx.h" /Fp"Debug\012-MFCDLL.pch" /Fo"Debug\\" /Fd"Debug\vc100.pdb" /Gd /TP /analyze- /errorReport:prompt "012-MFCDLL.cpp" PAGE1.cpp
         PAGE1.cpp
         012-MFCDLL.cpp
         正在生成代码...
       ResourceCompile:
         C:\Program Files (x86)\Microsoft SDKs\Windows\v7.0A\bin\rc.exe /D _DEBUG /D _AFXDLL /l"0x0804" /IDebug\ /nologo /fo"Debug\012-MFCDLL.res" 012-MFCDLL.rc 
       ManifestResourceCompile:
         所有输出均为最新。
       Link:
         C:\Program Files (x86)\Microsoft Visual Studio 10.0\VC\bin\link.exe /ERRORREPORT:PROMPT /OUT:"C:\Users\xinqi\Documents\Visual Studio 2010\Projects\13-InJectDll\Debug\012-MFCDLL.dll" /INCREMENTAL /NOLOGO /DEF:".\012-MFCDLL.def" /MANIFEST /ManifestFile:"Debug\012-MFCDLL.dll.intermediate.manifest" /MANIFESTUAC:"level='asInvoker' uiAccess='false'" /DEBUG /PDB:"C:\Users\xinqi\Documents\Visual Studio 2010\Projects\13-InJectDll\Debug\012-MFCDLL.pdb" /SUBSYSTEM:WINDOWS /TLBID:1 /DYNAMICBASE /NXCOMPAT /IMPLIB:"C:\Users\xinqi\Documents\Visual Studio 2010\Projects\13-InJectDll\Debug\012-MFCDLL.lib" /MACHINE:X86 /DLL "Debug\012-MFCDLL.res"
         "Debug\012-MFCDLL.dll.embed.manifest.res"
         "Debug\012-MFCDLL.obj"
         Debug\PAGE1.obj
         Debug\stdafx.obj
            正在创建库 C:\Users\xinqi\Documents\Visual Studio 2010\Projects\13-InJectDll\Debug\012-MFCDLL.lib 和对象 C:\Users\xinqi\Documents\Visual Studio 2010\Projects\13-InJectDll\Debug\012-MFCDLL.exp
       Manifest:
         C:\Program Files (x86)\Microsoft SDKs\Windows\v7.0A\bin\mt.exe /nologo /verbose /out:"Debug\012-MFCDLL.dll.embed.manifest" /manifest "Debug\012-MFCDLL.dll.intermediate.manifest" "C:\Program Files (x86)\Microsoft Visual Studio 10.0\VC\Include\Manifest\dpiaware.manifest"
         所有输出均为最新。
       LinkEmbedManifest:
         C:\Program Files (x86)\Microsoft Visual Studio 10.0\VC\bin\link.exe /ERRORREPORT:PROMPT /OUT:"C:\Users\xinqi\Documents\Visual Studio 2010\Projects\13-InJectDll\Debug\012-MFCDLL.dll" /INCREMENTAL /NOLOGO /DEF:".\012-MFCDLL.def" /MANIFEST /ManifestFile:"Debug\012-MFCDLL.dll.intermediate.manifest" /MANIFESTUAC:"level='asInvoker' uiAccess='false'" /DEBUG /PDB:"C:\Users\xinqi\Documents\Visual Studio 2010\Projects\13-InJectDll\Debug\012-MFCDLL.pdb" /SUBSYSTEM:WINDOWS /TLBID:1 /DYNAMICBASE /NXCOMPAT /IMPLIB:"C:\Users\xinqi\Documents\Visual Studio 2010\Projects\13-InJectDll\Debug\012-MFCDLL.lib" /MACHINE:X86 /DLL "Debug\012-MFCDLL.res"
         "Debug\012-MFCDLL.dll.embed.manifest.res"
         "Debug\012-MFCDLL.obj"
         Debug\PAGE1.obj
         Debug\stdafx.obj
         012-MFCDLL.vcxproj -> C:\Users\xinqi\Documents\Visual Studio 2010\Projects\13-InJectDll\Debug\012-MFCDLL.dll
       CopyFilesToOutputDirectory:
         正在将文件从“Debug\012-MFCDLL.pdb”复制到“C:\Users\xinqi\Documents\Visual Studio 2010\Projects\13-InJectDll\Debug\012-MFCDLL.pdb”。
       FinalizeBuildStatus:
         正在删除文件“Debug\012-MFCDLL.unsuccessfulbuild”。
         正在对“Debug\012-MFCDLL.lastbuildstate”执行 Touch 任务。
     1>已完成生成项目“C:\Users\xinqi\Documents\Visual Studio 2010\Projects\012-MFCDLL\012-MFCDLL.vcxproj”(build 个目标)的操作。

生成成功。

已用时间 00:00:05.38
