C:\USERS\XINQI\DOCUMENTS\VISUAL STUDIO 2010\PROJECTS\27\DEBUG\MFCDLL.DLL
C:\Users\xinqi\Documents\Visual Studio 2010\Projects\27\Debug\MFCDLL.exp
C:\USERS\XINQI\DOCUMENTS\VISUAL STUDIO 2010\PROJECTS\27\DEBUG\MFCDLL.ILK
C:\Users\xinqi\Documents\Visual Studio 2010\Projects\27\Debug\MFCDLL.lib
C:\USERS\XINQI\DOCUMENTS\VISUAL STUDIO 2010\PROJECTS\27\DEBUG\MFCDLL.PDB
C:\USERS\XINQI\DOCUMENTS\VISUAL STUDIO 2010\PROJECTS\27\MFCDLL\DEBUG\012-MFCDLL.OBJ
C:\USERS\XINQI\DOCUMENTS\VISUAL STUDIO 2010\PROJECTS\27\MFCDLL\DEBUG\012-MFCDLL.RES
C:\USERS\XINQI\DOCUMENTS\VISUAL STUDIO 2010\PROJECTS\27\MFCDLL\DEBUG\ASCIITOUTF8.OBJ
C:\Users\xinqi\Documents\Visual Studio 2010\Projects\27\MFCDLL\Debug\cl.command.1.tlog
C:\Users\xinqi\Documents\Visual Studio 2010\Projects\27\MFCDLL\Debug\CL.read.1.tlog
C:\Users\xinqi\Documents\Visual Studio 2010\Projects\27\MFCDLL\Debug\CL.write.1.tlog
C:\USERS\XINQI\DOCUMENTS\VISUAL STUDIO 2010\PROJECTS\27\MFCDLL\DEBUG\GAMEBASE.OBJ
C:\Users\xinqi\Documents\Visual Studio 2010\Projects\27\MFCDLL\Debug\link.1592.read.1.tlog
C:\Users\xinqi\Documents\Visual Studio 2010\Projects\27\MFCDLL\Debug\link.1592.write.1.tlog
C:\Users\xinqi\Documents\Visual Studio 2010\Projects\27\MFCDLL\Debug\link.1592-cvtres.read.1.tlog
C:\Users\xinqi\Documents\Visual Studio 2010\Projects\27\MFCDLL\Debug\link.1592-cvtres.write.1.tlog
C:\Users\xinqi\Documents\Visual Studio 2010\Projects\27\MFCDLL\Debug\link.command.1.tlog
C:\Users\xinqi\Documents\Visual Studio 2010\Projects\27\MFCDLL\Debug\link.read.1.tlog
C:\Users\xinqi\Documents\Visual Studio 2010\Projects\27\MFCDLL\Debug\link.write.1.tlog
C:\Users\xinqi\Documents\Visual Studio 2010\Projects\27\MFCDLL\Debug\link-cvtres.read.1.tlog
C:\Users\xinqi\Documents\Visual Studio 2010\Projects\27\MFCDLL\Debug\link-cvtres.write.1.tlog
C:\USERS\XINQI\DOCUMENTS\VISUAL STUDIO 2010\PROJECTS\27\MFCDLL\DEBUG\MFCDLL.DLL.EMBED.MANIFEST
C:\USERS\XINQI\DOCUMENTS\VISUAL STUDIO 2010\PROJECTS\27\MFCDLL\DEBUG\MFCDLL.DLL.EMBED.MANIFEST.RES
C:\USERS\XINQI\DOCUMENTS\VISUAL STUDIO 2010\PROJECTS\27\MFCDLL\DEBUG\MFCDLL.DLL.INTERMEDIATE.MANIFEST
C:\USERS\XINQI\DOCUMENTS\VISUAL STUDIO 2010\PROJECTS\27\MFCDLL\DEBUG\MFCDLL.PCH
C:\Users\xinqi\Documents\Visual Studio 2010\Projects\27\MFCDLL\Debug\MFCDLL.vcxprojResolveAssemblyReference.cache
C:\Users\xinqi\Documents\Visual Studio 2010\Projects\27\MFCDLL\Debug\MFCDLL.write.1.tlog
C:\Users\xinqi\Documents\Visual Studio 2010\Projects\27\MFCDLL\Debug\MFCDLL_manifest.rc
C:\Users\xinqi\Documents\Visual Studio 2010\Projects\27\MFCDLL\Debug\mt.command.1.tlog
C:\Users\xinqi\Documents\Visual Studio 2010\Projects\27\MFCDLL\Debug\mt.read.1.tlog
C:\Users\xinqi\Documents\Visual Studio 2010\Projects\27\MFCDLL\Debug\mt.write.1.tlog
C:\USERS\XINQI\DOCUMENTS\VISUAL STUDIO 2010\PROJECTS\27\MFCDLL\DEBUG\PAGE1.OBJ
C:\Users\xinqi\Documents\Visual Studio 2010\Projects\27\MFCDLL\Debug\rc.command.1.tlog
C:\Users\xinqi\Documents\Visual Studio 2010\Projects\27\MFCDLL\Debug\rc.read.1.tlog
C:\Users\xinqi\Documents\Visual Studio 2010\Projects\27\MFCDLL\Debug\rc.write.1.tlog
C:\USERS\XINQI\DOCUMENTS\VISUAL STUDIO 2010\PROJECTS\27\MFCDLL\DEBUG\RMEM.OBJ
C:\USERS\XINQI\DOCUMENTS\VISUAL STUDIO 2010\PROJECTS\27\MFCDLL\DEBUG\STDAFX.OBJ
C:\USERS\XINQI\DOCUMENTS\VISUAL STUDIO 2010\PROJECTS\27\MFCDLL\DEBUG\TGCALL.OBJ
C:\Users\xinqi\Documents\Visual Studio 2010\Projects\27\MFCDLL\Debug\vc100.idb
C:\USERS\XINQI\DOCUMENTS\VISUAL STUDIO 2010\PROJECTS\27\MFCDLL\DEBUG\VC100.PDB
C:\USERS\XINQI\DOCUMENTS\VISUAL STUDIO 2010\PROJECTS\27\MFCDLL\DEBUG\遍历怪物.OBJ
