生成启动时间为 2021/7/11 17:45:22。
     1>项目“C:\Users\xinqi\documents\visual studio 2010\Projects\015\13-InJectDll\13-InJectDll.vcxproj”在节点 2 上(rebuild 个目标)。
     1>_PrepareForClean:
         正在删除文件“Debug\13-InJectDll.lastbuildstate”。
       InitializeBuildStatus:
         正在创建“Debug\13-InJectDll.unsuccessfulbuild”，因为已指定“AlwaysCreate”。
       ClCompile:
         C:\Program Files (x86)\Microsoft Visual Studio 10.0\VC\bin\CL.exe /c /ZI /nologo /W3 /WX- /Od /Oy- /D WIN32 /D _DEBUG /D _CONSOLE /D _UNICODE /D UNICODE /Gm /EHsc /RTC1 /MDd /GS /fp:precise /Zc:wchar_t /Zc:forScope /Yc"StdAfx.h" /Fp"Debug\13-InJectDll.pch" /Fo"Debug\\" /Fd"Debug\vc100.pdb" /Gd /TP /analyze- /errorReport:prompt stdafx.cpp
         stdafx.cpp
         C:\Program Files (x86)\Microsoft Visual Studio 10.0\VC\bin\CL.exe /c /ZI /nologo /W3 /WX- /Od /Oy- /D WIN32 /D _DEBUG /D _CONSOLE /D _UNICODE /D UNICODE /Gm /EHsc /RTC1 /MDd /GS /fp:precise /Zc:wchar_t /Zc:forScope /Yu"StdAfx.h" /Fp"Debug\13-InJectDll.pch" /Fo"Debug\\" /Fd"Debug\vc100.pdb" /Gd /TP /analyze- /errorReport:prompt "13-InJectDll.cpp"
         13-InJectDll.cpp
       ManifestResourceCompile:
         C:\Program Files (x86)\Microsoft SDKs\Windows\v7.0A\bin\rc.exe /nologo /fo"Debug\13-InJectDll.exe.embed.manifest.res" Debug\13-InJectDll_manifest.rc 
       Link:
         C:\Program Files (x86)\Microsoft Visual Studio 10.0\VC\bin\link.exe /ERRORREPORT:PROMPT /OUT:"C:\Users\xinqi\documents\visual studio 2010\Projects\015\Debug\13-InJectDll.exe" /INCREMENTAL /NOLOGO kernel32.lib user32.lib gdi32.lib winspool.lib comdlg32.lib advapi32.lib shell32.lib ole32.lib oleaut32.lib uuid.lib odbc32.lib odbccp32.lib /MANIFEST /ManifestFile:"Debug\13-InJectDll.exe.intermediate.manifest" /MANIFESTUAC:"level='asInvoker' uiAccess='false'" /DEBUG /PDB:"C:\Users\xinqi\documents\visual studio 2010\Projects\015\Debug\13-InJectDll.pdb" /SUBSYSTEM:CONSOLE /TLBID:1 /DYNAMICBASE /NXCOMPAT /IMPLIB:"C:\Users\xinqi\documents\visual studio 2010\Projects\015\Debug\13-InJectDll.lib" /MACHINE:X86 "Debug\13-InJectDll.exe.embed.manifest.res"
         "Debug\13-InJectDll.obj"
         Debug\stdafx.obj
       Manifest:
         正在删除文件“Debug\13-InJectDll.exe.embed.manifest”。
         C:\Program Files (x86)\Microsoft SDKs\Windows\v7.0A\bin\mt.exe /nologo /verbose /out:"Debug\13-InJectDll.exe.embed.manifest" /manifest "Debug\13-InJectDll.exe.intermediate.manifest"
         C:\Program Files (x86)\Microsoft SDKs\Windows\v7.0A\bin\rc.exe /nologo /fo"Debug\13-InJectDll.exe.embed.manifest.res" Debug\13-InJectDll_manifest.rc 
       LinkEmbedManifest:
         C:\Program Files (x86)\Microsoft Visual Studio 10.0\VC\bin\link.exe /ERRORREPORT:PROMPT /OUT:"C:\Users\xinqi\documents\visual studio 2010\Projects\015\Debug\13-InJectDll.exe" /INCREMENTAL /NOLOGO kernel32.lib user32.lib gdi32.lib winspool.lib comdlg32.lib advapi32.lib shell32.lib ole32.lib oleaut32.lib uuid.lib odbc32.lib odbccp32.lib /MANIFEST /ManifestFile:"Debug\13-InJectDll.exe.intermediate.manifest" /MANIFESTUAC:"level='asInvoker' uiAccess='false'" /DEBUG /PDB:"C:\Users\xinqi\documents\visual studio 2010\Projects\015\Debug\13-InJectDll.pdb" /SUBSYSTEM:CONSOLE /TLBID:1 /DYNAMICBASE /NXCOMPAT /IMPLIB:"C:\Users\xinqi\documents\visual studio 2010\Projects\015\Debug\13-InJectDll.lib" /MACHINE:X86 "Debug\13-InJectDll.exe.embed.manifest.res"
         "Debug\13-InJectDll.obj"
         Debug\stdafx.obj
         13-InJectDll.vcxproj -> C:\Users\xinqi\documents\visual studio 2010\Projects\015\Debug\13-InJectDll.exe
       FinalizeBuildStatus:
         正在删除文件“Debug\13-InJectDll.unsuccessfulbuild”。
         正在对“Debug\13-InJectDll.lastbuildstate”执行 Touch 任务。
     1>已完成生成项目“C:\Users\xinqi\documents\visual studio 2010\Projects\015\13-InJectDll\13-InJectDll.vcxproj”(rebuild 个目标)的操作。

生成成功。

已用时间 00:00:01.65
