C:\USERS\XINQI\DOCUMENTS\VISUAL STUDIO 2010\PROJECTS\13-INJECTDLL\DEBUG\13-INJECTDLL.EXE
C:\USERS\XINQI\DOCUMENTS\VISUAL STUDIO 2010\PROJECTS\13-INJECTDLL\DEBUG\13-INJECTDLL.EXE.EMBED.MANIFEST
C:\USERS\XINQI\DOCUMENTS\VISUAL STUDIO 2010\PROJECTS\13-INJECTDLL\DEBUG\13-INJECTDLL.EXE.EMBED.MANIFEST.RES
C:\USERS\XINQI\DOCUMENTS\VISUAL STUDIO 2010\PROJECTS\13-INJECTDLL\DEBUG\13-INJECTDLL.EXE.INTERMEDIATE.MANIFEST
C:\USERS\XINQI\DOCUMENTS\VISUAL STUDIO 2010\PROJECTS\13-INJECTDLL\DEBUG\13-INJECTDLL.ILK
C:\USERS\XINQI\DOCUMENTS\VISUAL STUDIO 2010\PROJECTS\13-INJECTDLL\DEBUG\13-INJECTDLL.OBJ
C:\USERS\XINQI\DOCUMENTS\VISUAL STUDIO 2010\PROJECTS\13-INJECTDLL\DEBUG\13-INJECTDLL.PCH
C:\USERS\XINQI\DOCUMENTS\VISUAL STUDIO 2010\PROJECTS\13-INJECTDLL\DEBUG\13-INJECTDLL.PDB
C:\Users\xinqi\Documents\Visual Studio 2010\Projects\13-InJectDll\Debug\13-InJectDll.write.1.tlog
C:\Users\xinqi\Documents\Visual Studio 2010\Projects\13-InJectDll\Debug\13-InJectDll_manifest.rc
C:\Users\xinqi\Documents\Visual Studio 2010\Projects\13-InJectDll\Debug\cl.command.1.tlog
C:\Users\xinqi\Documents\Visual Studio 2010\Projects\13-InJectDll\Debug\CL.read.1.tlog
C:\Users\xinqi\Documents\Visual Studio 2010\Projects\13-InJectDll\Debug\CL.write.1.tlog
C:\Users\xinqi\Documents\Visual Studio 2010\Projects\13-InJectDll\Debug\link.7244.read.1.tlog
C:\Users\xinqi\Documents\Visual Studio 2010\Projects\13-InJectDll\Debug\link.7244.write.1.tlog
C:\Users\xinqi\Documents\Visual Studio 2010\Projects\13-InJectDll\Debug\link.7244-cvtres.read.1.tlog
C:\Users\xinqi\Documents\Visual Studio 2010\Projects\13-InJectDll\Debug\link.7244-cvtres.write.1.tlog
C:\Users\xinqi\Documents\Visual Studio 2010\Projects\13-InJectDll\Debug\link.command.1.tlog
C:\Users\xinqi\Documents\Visual Studio 2010\Projects\13-InJectDll\Debug\link.read.1.tlog
C:\Users\xinqi\Documents\Visual Studio 2010\Projects\13-InJectDll\Debug\link.write.1.tlog
C:\Users\xinqi\Documents\Visual Studio 2010\Projects\13-InJectDll\Debug\link-cvtres.read.1.tlog
C:\Users\xinqi\Documents\Visual Studio 2010\Projects\13-InJectDll\Debug\link-cvtres.write.1.tlog
C:\Users\xinqi\Documents\Visual Studio 2010\Projects\13-InJectDll\Debug\mt.command.1.tlog
C:\Users\xinqi\Documents\Visual Studio 2010\Projects\13-InJectDll\Debug\mt.read.1.tlog
C:\Users\xinqi\Documents\Visual Studio 2010\Projects\13-InJectDll\Debug\mt.write.1.tlog
C:\Users\xinqi\Documents\Visual Studio 2010\Projects\13-InJectDll\Debug\rc.command.1.tlog
C:\Users\xinqi\Documents\Visual Studio 2010\Projects\13-InJectDll\Debug\rc.read.1.tlog
C:\Users\xinqi\Documents\Visual Studio 2010\Projects\13-InJectDll\Debug\rc.write.1.tlog
C:\USERS\XINQI\DOCUMENTS\VISUAL STUDIO 2010\PROJECTS\13-INJECTDLL\DEBUG\STDAFX.OBJ
C:\Users\xinqi\Documents\Visual Studio 2010\Projects\13-InJectDll\Debug\vc100.idb
C:\USERS\XINQI\DOCUMENTS\VISUAL STUDIO 2010\PROJECTS\13-INJECTDLL\DEBUG\VC100.PDB
