生成启动时间为 2021/7/6 23:51:48。
     1>项目“C:\Users\xinqi\Documents\Visual Studio 2010\Projects\13-InJectDll\13-InJectDll.vcxproj”在节点 2 上(build 个目标)。
     1>InitializeBuildStatus:
         正在创建“Debug\13-InJectDll.unsuccessfulbuild”，因为已指定“AlwaysCreate”。
       ClCompile:
         所有输出均为最新。
         所有输出均为最新。
       ManifestResourceCompile:
         所有输出均为最新。
       Link:
         C:\Program Files (x86)\Microsoft Visual Studio 10.0\VC\bin\link.exe /ERRORREPORT:PROMPT /OUT:"C:\Users\xinqi\Documents\Visual Studio 2010\Projects\13-InJectDll\Debug\13-InJectDll.exe" /INCREMENTAL /NOLOGO kernel32.lib user32.lib gdi32.lib winspool.lib comdlg32.lib advapi32.lib shell32.lib ole32.lib oleaut32.lib uuid.lib odbc32.lib odbccp32.lib /MANIFEST /ManifestFile:"Debug\13-InJectDll.exe.intermediate.manifest" /MANIFESTUAC:"level='asInvoker' uiAccess='false'" /DEBUG /PDB:"C:\Users\xinqi\Documents\Visual Studio 2010\Projects\13-InJectDll\Debug\13-InJectDll.pdb" /SUBSYSTEM:CONSOLE /TLBID:1 /DYNAMICBASE /NXCOMPAT /IMPLIB:"C:\Users\xinqi\Documents\Visual Studio 2010\Projects\13-InJectDll\Debug\13-InJectDll.lib" /MACHINE:X86 "Debug\13-InJectDll.exe.embed.manifest.res"
         "Debug\13-InJectDll.obj"
         Debug\stdafx.obj
       Manifest:
         C:\Program Files (x86)\Microsoft SDKs\Windows\v7.0A\bin\mt.exe /nologo /verbose /out:"Debug\13-InJectDll.exe.embed.manifest" /manifest "Debug\13-InJectDll.exe.intermediate.manifest"
         所有输出均为最新。
       LinkEmbedManifest:
         所有输出均为最新。
         13-InJectDll.vcxproj -> C:\Users\xinqi\Documents\Visual Studio 2010\Projects\13-InJectDll\Debug\13-InJectDll.exe
       FinalizeBuildStatus:
         正在删除文件“Debug\13-InJectDll.unsuccessfulbuild”。
         正在对“Debug\13-InJectDll.lastbuildstate”执行 Touch 任务。
     1>已完成生成项目“C:\Users\xinqi\Documents\Visual Studio 2010\Projects\13-InJectDll\13-InJectDll.vcxproj”(build 个目标)的操作。

生成成功。

已用时间 00:00:00.31
